<?xml version="1.0" encoding="UTF-8"?>
<testsuite xmlns:xsi="http://www.w3.org/2001/XMLSchema-instance" xsi:noNamespaceSchemaLocation="https://maven.apache.org/surefire/maven-surefire-plugin/xsd/surefire-test-report-3.0.xsd" version="3.0" name="com.example123.demo123.Demo123ApplicationTests" time="4.392" tests="1" errors="0" skipped="0" failures="0">
  <properties>
[...]
</properties>
  <testcase name="contextLoads" classname="com.example123.demo123.Demo123ApplicationTests" time="1.175">
    <system-out><![CDATA[22:25:36.827 [main] INFO org.springframework.test.context.support.AnnotationConfigContextLoaderUtils -- Could not detect default configuration classes for test class [com.example123.demo123.Demo123ApplicationTests]: Demo123ApplicationTests does not declare any static, non-private, non-final, nested classes annotated with @Configuration.
22:25:36.989 [main] INFO org.springframework.boot.test.context.SpringBootTestContextBootstrapper -- Found @SpringBootConfiguration com.example123.demo123.Demo123Application for test class com.example123.demo123.Demo123ApplicationTests
22:25:37.226 [main] INFO org.springframework.boot.devtools.restart.RestartApplicationListener -- Restart disabled due to context in which it is running

  .   ____          _            __ _ _
 /\\ / ___'_ __ _ _(_)_ __  __ _ \ \ \ \
( ( )\___ | '_ | '_| | '_ \/ _` | \ \ \ \
 \\/  ___)| |_)| | | | | || (_| |  ) ) ) )
  '  |____| .__|_| |_|_| |_\__, | / / / /
 =========|_|==============|___/=/_/_/_/

 :: Spring Boot ::                (v3.3.1)

2024-07-11T22:25:37.793+05:30  INFO 52 --- [demo123] [           main] c.e.demo123.Demo123ApplicationTests      : Starting Demo123ApplicationTests using Java 22 with PID 52 (started by ACER in C:\Coding\SpringBoot\demo123\demo123)
2024-07-11T22:25:37.795+05:30  INFO 52 --- [demo123] [           main] c.e.demo123.Demo123ApplicationTests      : No active profile set, falling back to 1 default profile: "default"
2024-07-11T22:25:39.769+05:30  INFO 52 --- [demo123] [           main] c.e.demo123.Demo123ApplicationTests      : Started Demo123ApplicationTests in 2.566 seconds (process running for 4.043)
]]></system-out>
    <system-err><![CDATA[WARNING: A Java agent has been loaded dynamically (C:\Users\ACER\.m2\repository\net\bytebuddy\byte-buddy-agent\1.14.17\byte-buddy-agent-1.14.17.jar)
WARNING: If a serviceability tool is in use, please run with -XX:+EnableDynamicAgentLoading to hide this warning
WARNING: If a serviceability tool is not in use, please run with -Djdk.instrument.traceUsage for more information
WARNING: Dynamic loading of agents will be disallowed by default in a future release
]]></system-err>
  </testcase>
</testsuite>